# JRE version: OpenJDK Runtime Environment Corretto-17.0.10.7.1 (17.0.10+7) (build 17.0.10+7-LTS)
# Java VM: OpenJDK 64-Bit Server VM Corretto-17.0.10.7.1 (17.0.10+7-LTS, mixed mode, sharing, tiered, compressed oops, compressed class ptrs, g1 gc, windows-amd64)
GC Precious Log:
 CPUs: 8 total, 8 available
 Memory: 16182M
 Large Page Support: Disabled
 NUMA Support: Disabled
 Compressed Oops: Enabled (32-bit)
 Heap Region Size: 1M
 Heap Min Capacity: 256M
 Heap Initial Capacity: 256M
 Heap Max Capacity: 512M
 Pre-touch: Disabled
 Parallel Workers: 8
 Concurrent Workers: 2
 Concurrent Refinement Workers: 8
 Periodic GC: Disabled
Heap:
 garbage-first heap   total 262144K, used 95360K [0x00000000e0000000, 0x0000000100000000)
  region size 1024K, 21 young (21504K), 4 survivors (4096K)
 Metaspace       used 67721K, committed 68416K, reserved 393216K
  class space    used 9203K, committed 9536K, reserved 327680K
GC Heap History (20 events):
Event: 5.428 GC heap before
{Heap before GC invocations=2 (full 0):
 garbage-first heap   total 262144K, used 110850K [0x00000000e0000000, 0x0000000100000000)
  region size 1024K, 97 young (99328K), 1 survivors (1024K)
 Metaspace       used 18285K, committed 18496K, reserved 393216K
  class space    used 2649K, committed 2752K, reserved 327680K
}
Event: 5.437 GC heap after
{Heap after GC invocations=3 (full 0):
 garbage-first heap   total 262144K, used 21846K [0x00000000e0000000, 0x0000000100000000)
  region size 1024K, 11 young (11264K), 11 survivors (11264K)
 Metaspace       used 18285K, committed 18496K, reserved 393216K
  class space    used 2649K, committed 2752K, reserved 327680K
}
Event: 5.798 GC heap before
{Heap before GC invocations=3 (full 0):
 garbage-first heap   total 262144K, used 44374K [0x00000000e0000000, 0x0000000100000000)
  region size 1024K, 34 young (34816K), 11 survivors (11264K)
 Metaspace       used 21243K, committed 21504K, reserved 393216K
  class space    used 3113K, committed 3264K, reserved 327680K
}
Event: 5.802 GC heap after
{Heap after GC invocations=4 (full 0):
 garbage-first heap   total 262144K, used 23662K [0x00000000e0000000, 0x0000000100000000)
  region size 1024K, 12 young (12288K), 12 survivors (12288K)
 Metaspace       used 21243K, committed 21504K, reserved 393216K
  class space    used 3113K, committed 3264K, reserved 327680K
}
Event: 7.467 GC heap before
{Heap before GC invocations=5 (full 0):
 garbage-first heap   total 262144K, used 143470K [0x00000000e0000000, 0x0000000100000000)
  region size 1024K, 126 young (129024K), 12 survivors (12288K)
 Metaspace       used 35767K, committed 36160K, reserved 393216K
  class space    used 4998K, committed 5184K, reserved 327680K
}
Event: 7.478 GC heap after
{Heap after GC invocations=6 (full 0):
 garbage-first heap   total 262144K, used 32714K [0x00000000e0000000, 0x0000000100000000)
  region size 1024K, 11 young (11264K), 11 survivors (11264K)
 Metaspace       used 35767K, committed 36160K, reserved 393216K
  class space    used 4998K, committed 5184K, reserved 327680K
}
Event: 7.489 GC heap before
{Heap before GC invocations=6 (full 0):
 garbage-first heap   total 262144K, used 33738K [0x00000000e0000000, 0x0000000100000000)
  region size 1024K, 12 young (12288K), 11 survivors (11264K)
 Metaspace       used 35864K, committed 36288K, reserved 393216K
  class space    used 5016K, committed 5184K, reserved 327680K
}
Event: 7.495 GC heap after
{Heap after GC invocations=7 (full 0):
 garbage-first heap   total 262144K, used 33224K [0x00000000e0000000, 0x0000000100000000)
  region size 1024K, 2 young (2048K), 2 survivors (2048K)
 Metaspace       used 35864K, committed 36288K, reserved 393216K
  class space    used 5016K, committed 5184K, reserved 327680K
}
Event: 7.514 GC heap before
{Heap before GC invocations=7 (full 0):
 garbage-first heap   total 262144K, used 34248K [0x00000000e0000000, 0x0000000100000000)
  region size 1024K, 4 young (4096K), 2 survivors (2048K)
 Metaspace       used 36076K, committed 36480K, reserved 393216K
  class space    used 5047K, committed 5248K, reserved 327680K
}
Event: 7.515 GC heap after
{Heap after GC invocations=8 (full 0):
 garbage-first heap   total 262144K, used 31916K [0x00000000e0000000, 0x0000000100000000)
  region size 1024K, 1 young (1024K), 1 survivors (1024K)
 Metaspace       used 36076K, committed 36480K, reserved 393216K
  class space    used 5047K, committed 5248K, reserved 327680K
}
Event: 9.360 GC heap before
{Heap before GC invocations=9 (full 0):
 garbage-first heap   total 262144K, used 188588K [0x00000000e0000000, 0x0000000100000000)
  region size 1024K, 153 young (156672K), 1 survivors (1024K)
 Metaspace       used 47747K, committed 48256K, reserved 393216K
  class space    used 6804K, committed 7040K, reserved 327680K
}
Event: 9.368 GC heap after
{Heap after GC invocations=10 (full 0):
 garbage-first heap   total 262144K, used 41639K [0x00000000e0000000, 0x0000000100000000)
  region size 1024K, 10 young (10240K), 10 survivors (10240K)
 Metaspace       used 47747K, committed 48256K, reserved 393216K
  class space    used 6804K, committed 7040K, reserved 327680K
}
Event: 12.086 GC heap before
{Heap before GC invocations=10 (full 0):
 garbage-first heap   total 262144K, used 187047K [0x00000000e0000000, 0x0000000100000000)
  region size 1024K, 153 young (156672K), 10 survivors (10240K)
 Metaspace       used 53668K, committed 54208K, reserved 393216K
  class space    used 7544K, committed 7808K, reserved 327680K
}
Event: 12.106 GC heap after
{Heap after GC invocations=11 (full 0):
 garbage-first heap   total 262144K, used 52641K [0x00000000e0000000, 0x0000000100000000)
  region size 1024K, 20 young (20480K), 20 survivors (20480K)
 Metaspace       used 53668K, committed 54208K, reserved 393216K
  class space    used 7544K, committed 7808K, reserved 327680K
}
Event: 13.512 GC heap before
{Heap before GC invocations=11 (full 0):
 garbage-first heap   total 262144K, used 118177K [0x00000000e0000000, 0x0000000100000000)
  region size 1024K, 84 young (86016K), 20 survivors (20480K)
 Metaspace       used 60507K, committed 61120K, reserved 393216K
  class space    used 8425K, committed 8704K, reserved 327680K
}
Event: 13.527 GC heap after
{Heap after GC invocations=12 (full 0):
 garbage-first heap   total 262144K, used 53760K [0x00000000e0000000, 0x0000000100000000)
  region size 1024K, 5 young (5120K), 5 survivors (5120K)
 Metaspace       used 60507K, committed 61120K, reserved 393216K
  class space    used 8425K, committed 8704K, reserved 327680K
}
Event: 19.042 GC heap before
{Heap before GC invocations=13 (full 0):
 garbage-first heap   total 262144K, used 205312K [0x00000000e0000000, 0x0000000100000000)
  region size 1024K, 153 young (156672K), 5 survivors (5120K)
 Metaspace       used 65137K, committed 65792K, reserved 393216K
  class space    used 8880K, committed 9152K, reserved 327680K
}
Event: 19.060 GC heap after
{Heap after GC invocations=14 (full 0):
 garbage-first heap   total 262144K, used 76076K [0x00000000e0000000, 0x0000000100000000)
  region size 1024K, 20 young (20480K), 20 survivors (20480K)
 Metaspace       used 65137K, committed 65792K, reserved 393216K
  class space    used 8880K, committed 9152K, reserved 327680K
}
Event: 20.863 GC heap before
{Heap before GC invocations=14 (full 0):
 garbage-first heap   total 262144K, used 202028K [0x00000000e0000000, 0x0000000100000000)
  region size 1024K, 143 young (146432K), 20 survivors (20480K)
 Metaspace       used 66382K, committed 67008K, reserved 393216K
  class space    used 9014K, committed 9280K, reserved 327680K
}
Event: 20.886 GC heap after
{Heap after GC invocations=15 (full 0):
 garbage-first heap   total 262144K, used 78976K [0x00000000e0000000, 0x0000000100000000)
  region size 1024K, 4 young (4096K), 4 survivors (4096K)
 Metaspace       used 66382K, committed 67008K, reserved 393216K
  class space    used 9014K, committed 9280K, reserved 327680K
}

